app/build/intermediates/manifest_merge_blame_file/debug/processDebugMainManifest/manifest-merger-blame-debug-report.txt
1<?xml version="1.0" encoding="utf-8"?>
2<manifest xmlns:android="http://schemas.android.com/apk/res/android"
3    package="com.nexusblock.debug"
4    android:versionCode="1"
5    android:versionName="1.0.0" >
6
7    <uses-sdk
8        android:minSdkVersion="24"
9        android:targetSdkVersion="36" />
10
11    <!-- Core permissions -->
12    <uses-permission android:name="android.permission.INTERNET" />
12-->src\main\AndroidManifest.xml:7:5-67
12-->src\main\AndroidManifest.xml:7:22-64
13    <uses-permission android:name="android.permission.ACCESS_NETWORK_STATE" />
13-->src\main\AndroidManifest.xml:8:5-79
13-->src\main\AndroidManifest.xml:8:22-76
14    <uses-permission android:name="android.permission.ACCESS_WIFI_STATE" />
14-->src\main\AndroidManifest.xml:9:5-76
14-->src\main\AndroidManifest.xml:9:22-73
15    <uses-permission android:name="android.permission.FOREGROUND_SERVICE" />
15-->src\main\AndroidManifest.xml:10:5-77
15-->src\main\AndroidManifest.xml:10:22-74
16    <uses-permission android:name="android.permission.FOREGROUND_SERVICE_SPECIAL_USE" />
16-->src\main\AndroidManifest.xml:11:5-89
16-->src\main\AndroidManifest.xml:11:22-86
17    <uses-permission android:name="android.permission.POST_NOTIFICATIONS" />
17-->src\main\AndroidManifest.xml:12:5-77
17-->src\main\AndroidManifest.xml:12:22-74
18    <uses-permission android:name="android.permission.RECEIVE_BOOT_COMPLETED" />
18-->src\main\AndroidManifest.xml:13:5-81
18-->src\main\AndroidManifest.xml:13:22-78
19    <uses-permission android:name="android.permission.REQUEST_IGNORE_BATTERY_OPTIMIZATIONS" />
19-->src\main\AndroidManifest.xml:14:5-95
19-->src\main\AndroidManifest.xml:14:22-92
20    <uses-permission android:name="android.permission.SCHEDULE_EXACT_ALARM" />
20-->src\main\AndroidManifest.xml:15:5-79
20-->src\main\AndroidManifest.xml:15:22-76
21    <uses-permission android:name="android.permission.QUERY_ALL_PACKAGES" />
21-->src\main\AndroidManifest.xml:16:5-77
21-->src\main\AndroidManifest.xml:16:22-74
22    <uses-permission android:name="android.permission.BIND_VPN_SERVICE" />
22-->src\main\AndroidManifest.xml:17:5-75
22-->src\main\AndroidManifest.xml:17:22-72
23    <uses-permission
23-->src\main\AndroidManifest.xml:18:5-108
24        android:name="android.permission.WRITE_EXTERNAL_STORAGE"
24-->src\main\AndroidManifest.xml:18:22-78
25        android:maxSdkVersion="28" />
25-->src\main\AndroidManifest.xml:18:79-105
26    <uses-permission
26-->src\main\AndroidManifest.xml:19:5-107
27        android:name="android.permission.READ_EXTERNAL_STORAGE"
27-->src\main\AndroidManifest.xml:19:22-77
28        android:maxSdkVersion="28" />
28-->src\main\AndroidManifest.xml:19:78-104
29
30    <!-- Layer 3: AccessibilityService for SSAI ad detection & skip -->
31    <uses-permission android:name="android.permission.BIND_ACCESSIBILITY_SERVICE" />
31-->src\main\AndroidManifest.xml:22:5-85
31-->src\main\AndroidManifest.xml:22:22-82
32
33    <!-- Layer 3: MediaProjection for visual ad frame classification -->
34    <uses-permission android:name="android.permission.FOREGROUND_SERVICE_MEDIA_PROJECTION" />
34-->src\main\AndroidManifest.xml:25:5-94
34-->src\main\AndroidManifest.xml:25:22-91
35
36    <!-- Layer 3: AudioRecord for loudness spike detection -->
37    <uses-permission android:name="android.permission.RECORD_AUDIO" />
37-->src\main\AndroidManifest.xml:28:5-71
37-->src\main\AndroidManifest.xml:28:22-68
38
39    <!-- TV feature declarations -->
40    <uses-feature
40-->src\main\AndroidManifest.xml:31:5-33:35
41        android:name="android.software.leanback"
41-->src\main\AndroidManifest.xml:32:9-49
42        android:required="true" />
42-->src\main\AndroidManifest.xml:33:9-32
43    <uses-feature
43-->src\main\AndroidManifest.xml:34:5-36:36
44        android:name="android.hardware.touchscreen"
44-->src\main\AndroidManifest.xml:35:9-52
45        android:required="false" />
45-->src\main\AndroidManifest.xml:36:9-33
46
47    <uses-permission android:name="android.permission.WAKE_LOCK" />
47-->[androidx.work:work-runtime:2.11.2] AndroidManifest.xml:23:5-68
47-->[androidx.work:work-runtime:2.11.2] AndroidManifest.xml:23:22-65
48
49    <permission
49-->[androidx.core:core:1.18.0] AndroidManifest.xml:22:5-24:47
50        android:name="com.nexusblock.debug.DYNAMIC_RECEIVER_NOT_EXPORTED_PERMISSION"
50-->[androidx.core:core:1.18.0] AndroidManifest.xml:23:9-81
51        android:protectionLevel="signature" />
51-->[androidx.core:core:1.18.0] AndroidManifest.xml:24:9-44
52
53    <uses-permission android:name="com.nexusblock.debug.DYNAMIC_RECEIVER_NOT_EXPORTED_PERMISSION" />
53-->[androidx.core:core:1.18.0] AndroidManifest.xml:26:5-97
53-->[androidx.core:core:1.18.0] AndroidManifest.xml:26:22-94
54
55    <application
55-->src\main\AndroidManifest.xml:38:5-141:19
56        android:name="com.nexusblock.NexusBlockApplication"
56-->src\main\AndroidManifest.xml:39:9-46
57        android:allowBackup="true"
57-->src\main\AndroidManifest.xml:40:9-35
58        android:appComponentFactory="androidx.core.app.CoreComponentFactory"
58-->[androidx.core:core:1.18.0] AndroidManifest.xml:28:18-86
59        android:banner="@drawable/ic_banner"
59-->src\main\AndroidManifest.xml:41:9-45
60        android:debuggable="true"
61        android:extractNativeLibs="false"
62        android:icon="@mipmap/ic_launcher"
62-->src\main\AndroidManifest.xml:42:9-43
63        android:label="Argus Ad Blocker"
63-->src\main\AndroidManifest.xml:43:9-41
64        android:roundIcon="@mipmap/ic_launcher_round"
64-->src\main\AndroidManifest.xml:44:9-54
65        android:supportsRtl="true"
65-->src\main\AndroidManifest.xml:45:9-35
66        android:theme="@style/Theme.NexusBlock"
66-->src\main\AndroidManifest.xml:46:9-48
67        android:usesCleartextTraffic="true" >
67-->src\main\AndroidManifest.xml:47:9-44
68
69        <!-- Main Activity -->
70        <activity
70-->src\main\AndroidManifest.xml:50:9-61:20
71            android:name="com.nexusblock.ui.MainActivity"
71-->src\main\AndroidManifest.xml:51:13-44
72            android:configChanges="keyboardHidden|orientation|screenSize|smallestScreenSize"
72-->src\main\AndroidManifest.xml:52:13-93
73            android:exported="true"
73-->src\main\AndroidManifest.xml:53:13-36
74            android:launchMode="singleTask"
74-->src\main\AndroidManifest.xml:54:13-44
75            android:theme="@style/Theme.NexusBlock" >
75-->src\main\AndroidManifest.xml:55:13-52
76            <intent-filter>
76-->src\main\AndroidManifest.xml:56:13-60:29
77                <action android:name="android.intent.action.MAIN" />
77-->src\main\AndroidManifest.xml:57:17-69
77-->src\main\AndroidManifest.xml:57:25-66
78
79                <category android:name="android.intent.category.LEANBACK_LAUNCHER" />
79-->src\main\AndroidManifest.xml:58:17-86
79-->src\main\AndroidManifest.xml:58:27-83
80                <category android:name="android.intent.category.LAUNCHER" />
80-->src\main\AndroidManifest.xml:59:17-77
80-->src\main\AndroidManifest.xml:59:27-74
81            </intent-filter>
82        </activity>
83
84        <!-- VPN Service -->
85        <service
85-->src\main\AndroidManifest.xml:64:9-75:19
86            android:name="com.nexusblock.service.NexusVpnService"
86-->src\main\AndroidManifest.xml:65:13-52
87            android:exported="false"
87-->src\main\AndroidManifest.xml:66:13-37
88            android:foregroundServiceType="specialUse"
88-->src\main\AndroidManifest.xml:67:13-55
89            android:permission="android.permission.BIND_VPN_SERVICE" >
89-->src\main\AndroidManifest.xml:68:13-69
90            <intent-filter>
90-->src\main\AndroidManifest.xml:69:13-71:29
91                <action android:name="android.net.VpnService" />
91-->src\main\AndroidManifest.xml:70:17-65
91-->src\main\AndroidManifest.xml:70:25-62
92            </intent-filter>
93
94            <property
94-->src\main\AndroidManifest.xml:72:13-74:47
95                android:name="android.app.PROPERTY_SPECIAL_USE_FGS_SUBTYPE"
95-->src\main\AndroidManifest.xml:73:17-76
96                android:value="vpn_adblock" />
96-->src\main\AndroidManifest.xml:74:17-44
97        </service>
98
99        <!-- Watchdog Service -->
100        <service
100-->src\main\AndroidManifest.xml:78:9-85:19
101            android:name="com.nexusblock.service.VpnWatchdogService"
101-->src\main\AndroidManifest.xml:79:13-55
102            android:exported="false"
102-->src\main\AndroidManifest.xml:80:13-37
103            android:foregroundServiceType="specialUse" >
103-->src\main\AndroidManifest.xml:81:13-55
104            <property
104-->src\main\AndroidManifest.xml:72:13-74:47
105                android:name="android.app.PROPERTY_SPECIAL_USE_FGS_SUBTYPE"
105-->src\main\AndroidManifest.xml:73:17-76
106                android:value="watchdog" />
106-->src\main\AndroidManifest.xml:74:17-44
107        </service>
108
109        <!-- Layer 3: Accessibility Service for SSAI ad skip -->
110        <service
110-->src\main\AndroidManifest.xml:88:9-102:19
111            android:name="com.nexusblock.service.ArgusAccessibilityService"
111-->src\main\AndroidManifest.xml:89:13-62
112            android:exported="false"
112-->src\main\AndroidManifest.xml:90:13-37
113            android:foregroundServiceType="specialUse"
113-->src\main\AndroidManifest.xml:92:13-55
114            android:permission="android.permission.BIND_ACCESSIBILITY_SERVICE" >
114-->src\main\AndroidManifest.xml:91:13-79
115            <intent-filter>
115-->src\main\AndroidManifest.xml:93:13-95:29
116                <action android:name="android.accessibilityservice.AccessibilityService" />
116-->src\main\AndroidManifest.xml:94:17-92
116-->src\main\AndroidManifest.xml:94:25-89
117            </intent-filter>
118
119            <meta-data
119-->src\main\AndroidManifest.xml:96:13-98:72
120                android:name="android.accessibilityservice"
120-->src\main\AndroidManifest.xml:97:17-60
121                android:resource="@xml/accessibility_service_config" />
121-->src\main\AndroidManifest.xml:98:17-69
122
123            <property
123-->src\main\AndroidManifest.xml:72:13-74:47
124                android:name="android.app.PROPERTY_SPECIAL_USE_FGS_SUBTYPE"
124-->src\main\AndroidManifest.xml:73:17-76
125                android:value="accessibility_adblock" />
125-->src\main\AndroidManifest.xml:74:17-44
126        </service>
127
128        <!-- Boot Receiver -->
129        <receiver
129-->src\main\AndroidManifest.xml:105:9-114:20
130            android:name="com.nexusblock.service.BootReceiver"
130-->src\main\AndroidManifest.xml:106:13-49
131            android:exported="true"
131-->src\main\AndroidManifest.xml:107:13-36
132            android:permission="android.permission.RECEIVE_BOOT_COMPLETED" >
132-->src\main\AndroidManifest.xml:108:13-75
133            <intent-filter>
133-->src\main\AndroidManifest.xml:109:13-113:29
134                <action android:name="android.intent.action.BOOT_COMPLETED" />
134-->src\main\AndroidManifest.xml:110:17-79
134-->src\main\AndroidManifest.xml:110:25-76
135                <action android:name="android.intent.action.QUICKBOOT_POWERON" />
135-->src\main\AndroidManifest.xml:111:17-82
135-->src\main\AndroidManifest.xml:111:25-79
136                <action android:name="com.htc.intent.action.QUICKBOOT_POWERON" />
136-->src\main\AndroidManifest.xml:112:17-82
136-->src\main\AndroidManifest.xml:112:25-79
137            </intent-filter>
138        </receiver>
139
140        <!-- Uninstall Cleanup Receiver (best-effort) -->
141        <receiver
141-->src\main\AndroidManifest.xml:117:9-127:20
142            android:name="com.nexusblock.service.UninstallCleanupReceiver"
142-->src\main\AndroidManifest.xml:118:13-61
143            android:exported="false" >
143-->src\main\AndroidManifest.xml:119:13-37
144            <intent-filter>
144-->src\main\AndroidManifest.xml:120:13-123:29
145                <action android:name="android.intent.action.PACKAGE_REMOVED" />
145-->src\main\AndroidManifest.xml:121:17-80
145-->src\main\AndroidManifest.xml:121:25-77
146
147                <data android:scheme="package" />
147-->src\main\AndroidManifest.xml:122:17-50
147-->src\main\AndroidManifest.xml:122:23-47
148            </intent-filter>
149            <intent-filter>
149-->src\main\AndroidManifest.xml:124:13-126:29
150                <action android:name="android.intent.action.MY_PACKAGE_SUSPENDED" />
150-->src\main\AndroidManifest.xml:125:17-85
150-->src\main\AndroidManifest.xml:125:25-82
151            </intent-filter>
152        </receiver>
153
154        <!-- Hilt-managed WorkManager initialization (removes default initializer) -->
155        <provider
156            android:name="androidx.startup.InitializationProvider"
156-->src\main\AndroidManifest.xml:131:13-67
157            android:authorities="com.nexusblock.debug.androidx-startup"
157-->src\main\AndroidManifest.xml:132:13-68
158            android:exported="false" >
158-->src\main\AndroidManifest.xml:133:13-37
159            <meta-data
159-->[androidx.emoji2:emoji2:1.4.0] AndroidManifest.xml:29:13-31:52
160                android:name="androidx.emoji2.text.EmojiCompatInitializer"
160-->[androidx.emoji2:emoji2:1.4.0] AndroidManifest.xml:30:17-75
161                android:value="androidx.startup" />
161-->[androidx.emoji2:emoji2:1.4.0] AndroidManifest.xml:31:17-49
162            <meta-data
162-->[androidx.lifecycle:lifecycle-process:2.10.0] AndroidManifest.xml:29:13-31:52
163                android:name="androidx.lifecycle.ProcessLifecycleInitializer"
163-->[androidx.lifecycle:lifecycle-process:2.10.0] AndroidManifest.xml:30:17-78
164                android:value="androidx.startup" />
164-->[androidx.lifecycle:lifecycle-process:2.10.0] AndroidManifest.xml:31:17-49
165            <meta-data
165-->[androidx.profileinstaller:profileinstaller:1.4.1] AndroidManifest.xml:29:13-31:52
166                android:name="androidx.profileinstaller.ProfileInstallerInitializer"
166-->[androidx.profileinstaller:profileinstaller:1.4.1] AndroidManifest.xml:30:17-85
167                android:value="androidx.startup" />
167-->[androidx.profileinstaller:profileinstaller:1.4.1] AndroidManifest.xml:31:17-49
168        </provider>
169
170        <activity
170-->[androidx.compose.ui:ui-tooling-android:1.11.1] AndroidManifest.xml:23:9-25:39
171            android:name="androidx.compose.ui.tooling.PreviewActivity"
171-->[androidx.compose.ui:ui-tooling-android:1.11.1] AndroidManifest.xml:24:13-71
172            android:exported="true" />
172-->[androidx.compose.ui:ui-tooling-android:1.11.1] AndroidManifest.xml:25:13-36
173
174        <service
174-->[androidx.work:work-runtime:2.11.2] AndroidManifest.xml:39:9-45:35
175            android:name="androidx.work.impl.background.systemjob.SystemJobService"
175-->[androidx.work:work-runtime:2.11.2] AndroidManifest.xml:40:13-84
176            android:directBootAware="false"
176-->[androidx.work:work-runtime:2.11.2] AndroidManifest.xml:41:13-44
177            android:enabled="@bool/enable_system_job_service_default"
177-->[androidx.work:work-runtime:2.11.2] AndroidManifest.xml:42:13-70
178            android:exported="true"
178-->[androidx.work:work-runtime:2.11.2] AndroidManifest.xml:43:13-36
179            android:permission="android.permission.BIND_JOB_SERVICE" />
179-->[androidx.work:work-runtime:2.11.2] AndroidManifest.xml:44:13-69
180        <service
180-->[androidx.work:work-runtime:2.11.2] AndroidManifest.xml:46:9-52:35
181            android:name="androidx.work.impl.foreground.SystemForegroundService"
181-->[androidx.work:work-runtime:2.11.2] AndroidManifest.xml:47:13-81
182            android:directBootAware="false"
182-->[androidx.work:work-runtime:2.11.2] AndroidManifest.xml:48:13-44
183            android:enabled="@bool/enable_system_foreground_service_default"
183-->[androidx.work:work-runtime:2.11.2] AndroidManifest.xml:49:13-77
184            android:exported="false" />
184-->[androidx.work:work-runtime:2.11.2] AndroidManifest.xml:50:13-37
185
186        <receiver
186-->[androidx.work:work-runtime:2.11.2] AndroidManifest.xml:54:9-59:35
187            android:name="androidx.work.impl.utils.ForceStopRunnable$BroadcastReceiver"
187-->[androidx.work:work-runtime:2.11.2] AndroidManifest.xml:55:13-88
188            android:directBootAware="false"
188-->[androidx.work:work-runtime:2.11.2] AndroidManifest.xml:56:13-44
189            android:enabled="true"
189-->[androidx.work:work-runtime:2.11.2] AndroidManifest.xml:57:13-35
190            android:exported="false" />
190-->[androidx.work:work-runtime:2.11.2] AndroidManifest.xml:58:13-37
191        <receiver
191-->[androidx.work:work-runtime:2.11.2] AndroidManifest.xml:60:9-69:20
192            android:name="androidx.work.impl.background.systemalarm.RescheduleReceiver"
192-->[androidx.work:work-runtime:2.11.2] AndroidManifest.xml:61:13-88
193            android:directBootAware="false"
193-->[androidx.work:work-runtime:2.11.2] AndroidManifest.xml:62:13-44
194            android:enabled="false"
194-->[androidx.work:work-runtime:2.11.2] AndroidManifest.xml:63:13-36
195            android:exported="false" >
195-->[androidx.work:work-runtime:2.11.2] AndroidManifest.xml:64:13-37
196            <intent-filter>
196-->[androidx.work:work-runtime:2.11.2] AndroidManifest.xml:66:13-68:29
197                <action android:name="android.intent.action.BOOT_COMPLETED" />
197-->src\main\AndroidManifest.xml:110:17-79
197-->src\main\AndroidManifest.xml:110:25-76
198            </intent-filter>
199        </receiver>
200        <receiver
200-->[androidx.work:work-runtime:2.11.2] AndroidManifest.xml:70:9-80:20
201            android:name="androidx.work.impl.diagnostics.DiagnosticsReceiver"
201-->[androidx.work:work-runtime:2.11.2] AndroidManifest.xml:71:13-78
202            android:directBootAware="false"
202-->[androidx.work:work-runtime:2.11.2] AndroidManifest.xml:72:13-44
203            android:enabled="true"
203-->[androidx.work:work-runtime:2.11.2] AndroidManifest.xml:73:13-35
204            android:exported="true"
204-->[androidx.work:work-runtime:2.11.2] AndroidManifest.xml:74:13-36
205            android:permission="android.permission.DUMP" >
205-->[androidx.work:work-runtime:2.11.2] AndroidManifest.xml:75:13-57
206            <intent-filter>
206-->[androidx.work:work-runtime:2.11.2] AndroidManifest.xml:77:13-79:29
207                <action android:name="androidx.work.diagnostics.REQUEST_DIAGNOSTICS" />
207-->[androidx.work:work-runtime:2.11.2] AndroidManifest.xml:78:17-88
207-->[androidx.work:work-runtime:2.11.2] AndroidManifest.xml:78:25-85
208            </intent-filter>
209        </receiver>
210
211        <uses-library
211-->[androidx.window:window:1.5.0] AndroidManifest.xml:23:9-25:40
212            android:name="androidx.window.extensions"
212-->[androidx.window:window:1.5.0] AndroidManifest.xml:24:13-54
213            android:required="false" />
213-->[androidx.window:window:1.5.0] AndroidManifest.xml:25:13-37
214        <uses-library
214-->[androidx.window:window:1.5.0] AndroidManifest.xml:26:9-28:40
215            android:name="androidx.window.sidecar"
215-->[androidx.window:window:1.5.0] AndroidManifest.xml:27:13-51
216            android:required="false" />
216-->[androidx.window:window:1.5.0] AndroidManifest.xml:28:13-37
217
218        <activity
218-->[androidx.compose.ui:ui-test-manifest:1.11.1] AndroidManifest.xml:23:9-26:79
219            android:name="androidx.activity.ComponentActivity"
219-->[androidx.compose.ui:ui-test-manifest:1.11.1] AndroidManifest.xml:24:13-63
220            android:exported="true"
220-->[androidx.compose.ui:ui-test-manifest:1.11.1] AndroidManifest.xml:25:13-36
221            android:theme="@android:style/Theme.Material.Light.NoActionBar" />
221-->[androidx.compose.ui:ui-test-manifest:1.11.1] AndroidManifest.xml:26:13-76
222
223        <service
223-->[androidx.room:room-runtime-android:2.8.4] AndroidManifest.xml:24:9-28:63
224            android:name="androidx.room.MultiInstanceInvalidationService"
224-->[androidx.room:room-runtime-android:2.8.4] AndroidManifest.xml:25:13-74
225            android:directBootAware="true"
225-->[androidx.room:room-runtime-android:2.8.4] AndroidManifest.xml:26:13-43
226            android:exported="false" />
226-->[androidx.room:room-runtime-android:2.8.4] AndroidManifest.xml:27:13-37
227
228        <receiver
228-->[androidx.profileinstaller:profileinstaller:1.4.1] AndroidManifest.xml:34:9-52:20
229            android:name="androidx.profileinstaller.ProfileInstallReceiver"
229-->[androidx.profileinstaller:profileinstaller:1.4.1] AndroidManifest.xml:35:13-76
230            android:directBootAware="false"
230-->[androidx.profileinstaller:profileinstaller:1.4.1] AndroidManifest.xml:36:13-44
231            android:enabled="true"
231-->[androidx.profileinstaller:profileinstaller:1.4.1] AndroidManifest.xml:37:13-35
232            android:exported="true"
232-->[androidx.profileinstaller:profileinstaller:1.4.1] AndroidManifest.xml:38:13-36
233            android:permission="android.permission.DUMP" >
233-->[androidx.profileinstaller:profileinstaller:1.4.1] AndroidManifest.xml:39:13-57
234            <intent-filter>
234-->[androidx.profileinstaller:profileinstaller:1.4.1] AndroidManifest.xml:40:13-42:29
235                <action android:name="androidx.profileinstaller.action.INSTALL_PROFILE" />
235-->[androidx.profileinstaller:profileinstaller:1.4.1] AndroidManifest.xml:41:17-91
235-->[androidx.profileinstaller:profileinstaller:1.4.1] AndroidManifest.xml:41:25-88
236            </intent-filter>
237            <intent-filter>
237-->[androidx.profileinstaller:profileinstaller:1.4.1] AndroidManifest.xml:43:13-45:29
238                <action android:name="androidx.profileinstaller.action.SKIP_FILE" />
238-->[androidx.profileinstaller:profileinstaller:1.4.1] AndroidManifest.xml:44:17-85
238-->[androidx.profileinstaller:profileinstaller:1.4.1] AndroidManifest.xml:44:25-82
239            </intent-filter>
240            <intent-filter>
240-->[androidx.profileinstaller:profileinstaller:1.4.1] AndroidManifest.xml:46:13-48:29
241                <action android:name="androidx.profileinstaller.action.SAVE_PROFILE" />
241-->[androidx.profileinstaller:profileinstaller:1.4.1] AndroidManifest.xml:47:17-88
241-->[androidx.profileinstaller:profileinstaller:1.4.1] AndroidManifest.xml:47:25-85
242            </intent-filter>
243            <intent-filter>
243-->[androidx.profileinstaller:profileinstaller:1.4.1] AndroidManifest.xml:49:13-51:29
244                <action android:name="androidx.profileinstaller.action.BENCHMARK_OPERATION" />
244-->[androidx.profileinstaller:profileinstaller:1.4.1] AndroidManifest.xml:50:17-95
244-->[androidx.profileinstaller:profileinstaller:1.4.1] AndroidManifest.xml:50:25-92
245            </intent-filter>
246        </receiver>
247    </application>
248
249</manifest>